Array
(
)
Array
(
)
Array
(
)
Array
(
)
Array
(
)
Array
(
)
Array
(
)
2025-05-03 22:32:33 - Array
(
)

2025-05-03 22:32:48 - Array
(
)

2025-05-03 22:34:20 - Array
(
)

2025-05-03 22:34:48 - Array
(
)

2025-05-03 22:41:30 - Received data: Array
(
)

2025-05-03 22:41:30 - Response: Array
(
    [success] => 
    [message] => Invalid property ID
    [debug] => Array
        (
            [received_data] => Array
                (
                )

            [property_id] => 0
            [email] => 
            [phone] => 
            [error] => Array
                (
                )

        )

)

2025-05-03 22:46:21 - Starting request
2025-05-03 22:46:21 - Received data: Array
(
)

2025-05-03 22:46:21 - Parsed values - PropertyID: 0, Email: , Phone: 
2025-05-03 22:46:21 - Error: Valid property ID is required
2025-05-03 22:46:50 - Starting request
2025-05-03 22:46:50 - Received data: Array
(
)

2025-05-03 22:46:50 - Parsed values - PropertyID: 0, Email: , Phone: 
2025-05-03 22:46:50 - Error: Valid property ID is required
2025-05-03 22:47:00 - Starting request
2025-05-03 22:47:00 - Received data: Array
(
)

2025-05-03 22:47:00 - Parsed values - PropertyID: 0, Email: , Phone: 
2025-05-03 22:47:00 - Error: Valid property ID is required
2025-05-03 22:48:06 - Starting request
2025-05-03 22:48:06 - Received data: Array
(
)

2025-05-03 22:48:06 - Parsed values - PropertyID: 0, Email: , Phone: 
2025-05-03 22:48:06 - Error: Valid property ID is required
2025-05-03 22:48:10 - Starting request
2025-05-03 22:48:10 - Received data: Array
(
)

2025-05-03 22:48:10 - Parsed values - PropertyID: 0, Email: , Phone: 
2025-05-03 22:48:10 - Error: Valid property ID is required
2025-05-03 22:55:52 - Starting request
2025-05-03 22:55:52 - Received data: Array
(
)

2025-05-03 22:55:52 - Parsed values - PropertyID: 0, Email: , Phone: 
2025-05-03 22:55:52 - Error: Valid property ID is required
2025-05-03 22:55:52 - Sending response: {"success":false,"message":"Valid property ID is required","debug":{"received_data":[],"property_id":0,"email":"","phone":"","server_time":"2025-05-03 22:55:52"}}
2025-05-03 22:56:26 - Starting request
2025-05-03 22:56:26 - Received data: Array
(
)

2025-05-03 22:56:26 - Parsed values - PropertyID: 0, Email: , Phone: 
2025-05-03 22:56:26 - Error: Valid property ID is required
2025-05-03 22:56:26 - Sending response: {"success":false,"message":"Valid property ID is required","debug":{"received_data":[],"property_id":0,"email":"","phone":"","server_time":"2025-05-03 22:56:26"}}
2025-05-03 22:56:31 - Starting request
2025-05-03 22:56:31 - Received data: Array
(
)

2025-05-03 22:56:31 - Parsed values - PropertyID: 0, Email: , Phone: 
2025-05-03 22:56:31 - Error: Valid property ID is required
2025-05-03 22:56:31 - Sending response: {"success":false,"message":"Valid property ID is required","debug":{"received_data":[],"property_id":0,"email":"","phone":"","server_time":"2025-05-03 22:56:31"}}
2025-05-03 22:56:31 - Starting request
2025-05-03 22:56:31 - Received data: Array
(
)

2025-05-03 22:56:31 - Parsed values - PropertyID: 0, Email: , Phone: 
2025-05-03 22:56:31 - Error: Valid property ID is required
2025-05-03 22:56:31 - Sending response: {"success":false,"message":"Valid property ID is required","debug":{"received_data":[],"property_id":0,"email":"","phone":"","server_time":"2025-05-03 22:56:31"}}
2025-05-03 22:56:33 - Starting request
2025-05-03 22:56:33 - Received data: Array
(
)

2025-05-03 22:56:33 - Parsed values - PropertyID: 0, Email: , Phone: 
2025-05-03 22:56:33 - Error: Valid property ID is required
2025-05-03 22:56:33 - Sending response: {"success":false,"message":"Valid property ID is required","debug":{"received_data":[],"property_id":0,"email":"","phone":"","server_time":"2025-05-03 22:56:33"}}
2025-05-03 22:56:44 - Starting request
2025-05-03 22:56:44 - Received data: Array
(
)

2025-05-03 22:56:44 - Parsed values - PropertyID: 0, Email: , Phone: 
2025-05-03 22:56:44 - Error: Valid property ID is required
2025-05-03 22:56:44 - Sending response: {"success":false,"message":"Valid property ID is required","debug":{"received_data":[],"property_id":0,"email":"","phone":"","server_time":"2025-05-03 22:56:44"}}
2025-05-03 22:57:13 - Starting request
2025-05-03 22:57:13 - Received data: Array
(
)

2025-05-03 22:57:13 - Parsed values - PropertyID: 0, Email: , Phone: 
2025-05-03 22:57:13 - Error: Valid property ID is required
2025-05-03 22:57:13 - Sending response: {"success":false,"message":"Valid property ID is required","debug":{"received_data":[],"property_id":0,"email":"","phone":"","server_time":"2025-05-03 22:57:13"}}
2025-05-03 23:01:21 - Starting request
2025-05-03 23:01:21 - Received data: Array
(
)

2025-05-03 23:01:21 - Parsed values - PropertyID: 0, Email: , Phone: 
2025-05-03 23:01:21 - Error: Valid property ID is required
2025-05-03 23:01:21 - Sending response: {"success":false,"message":"Valid property ID is required","debug":{"received_data":[],"property_id":0,"email":"","phone":"","server_time":"2025-05-03 23:01:21"}}
2025-05-03 23:09:37 - Starting request
2025-05-03 23:09:37 - Received data: Array
(
)

2025-05-03 23:09:37 - Parsed values - PropertyID: 0, Email: , Phone: 
2025-05-03 23:09:37 - Error: Valid property ID is required
2025-05-03 23:09:37 - Sending response: {"success":false,"message":"Valid property ID is required","debug":{"received_data":[],"property_id":0,"email":"","phone":"","server_time":"2025-05-03 23:09:37"}}
2025-05-03 23:09:38 - Starting request
2025-05-03 23:09:38 - Received data: Array
(
)

2025-05-03 23:09:38 - Parsed values - PropertyID: 0, Email: , Phone: 
2025-05-03 23:09:38 - Error: Valid property ID is required
2025-05-03 23:09:38 - Sending response: {"success":false,"message":"Valid property ID is required","debug":{"received_data":[],"property_id":0,"email":"","phone":"","server_time":"2025-05-03 23:09:38"}}
2025-05-03 23:09:38 - Starting request
2025-05-03 23:09:38 - Received data: Array
(
)

2025-05-03 23:09:38 - Parsed values - PropertyID: 0, Email: , Phone: 
2025-05-03 23:09:38 - Error: Valid property ID is required
2025-05-03 23:09:38 - Sending response: {"success":false,"message":"Valid property ID is required","debug":{"received_data":[],"property_id":0,"email":"","phone":"","server_time":"2025-05-03 23:09:38"}}
2025-05-03 23:09:38 - Starting request
2025-05-03 23:09:38 - Received data: Array
(
)

2025-05-03 23:09:38 - Parsed values - PropertyID: 0, Email: , Phone: 
2025-05-03 23:09:38 - Error: Valid property ID is required
2025-05-03 23:09:38 - Sending response: {"success":false,"message":"Valid property ID is required","debug":{"received_data":[],"property_id":0,"email":"","phone":"","server_time":"2025-05-03 23:09:38"}}
2025-05-03 23:09:38 - Starting request
2025-05-03 23:09:38 - Received data: Array
(
)

2025-05-03 23:09:38 - Parsed values - PropertyID: 0, Email: , Phone: 
2025-05-03 23:09:38 - Error: Valid property ID is required
2025-05-03 23:09:38 - Sending response: {"success":false,"message":"Valid property ID is required","debug":{"received_data":[],"property_id":0,"email":"","phone":"","server_time":"2025-05-03 23:09:38"}}
2025-05-03 23:09:38 - Starting request
2025-05-03 23:09:38 - Received data: Array
(
)

2025-05-03 23:09:38 - Parsed values - PropertyID: 0, Email: , Phone: 
2025-05-03 23:09:38 - Error: Valid property ID is required
2025-05-03 23:09:38 - Sending response: {"success":false,"message":"Valid property ID is required","debug":{"received_data":[],"property_id":0,"email":"","phone":"","server_time":"2025-05-03 23:09:38"}}
2025-05-03 23:09:38 - Starting request
2025-05-03 23:09:38 - Received data: Array
(
)

2025-05-03 23:09:38 - Parsed values - PropertyID: 0, Email: , Phone: 
2025-05-03 23:09:38 - Error: Valid property ID is required
2025-05-03 23:09:38 - Sending response: {"success":false,"message":"Valid property ID is required","debug":{"received_data":[],"property_id":0,"email":"","phone":"","server_time":"2025-05-03 23:09:38"}}
2025-05-03 23:09:39 - Starting request
2025-05-03 23:09:39 - Received data: Array
(
)

2025-05-03 23:09:39 - Parsed values - PropertyID: 0, Email: , Phone: 
2025-05-03 23:09:39 - Error: Valid property ID is required
2025-05-03 23:09:39 - Sending response: {"success":false,"message":"Valid property ID is required","debug":{"received_data":[],"property_id":0,"email":"","phone":"","server_time":"2025-05-03 23:09:39"}}
2025-05-03 23:09:39 - Starting request
2025-05-03 23:09:39 - Received data: Array
(
)

2025-05-03 23:09:39 - Parsed values - PropertyID: 0, Email: , Phone: 
2025-05-03 23:09:39 - Error: Valid property ID is required
2025-05-03 23:09:39 - Sending response: {"success":false,"message":"Valid property ID is required","debug":{"received_data":[],"property_id":0,"email":"","phone":"","server_time":"2025-05-03 23:09:39"}}
2025-05-03 23:09:39 - Starting request
2025-05-03 23:09:39 - Received data: Array
(
)

2025-05-03 23:09:39 - Parsed values - PropertyID: 0, Email: , Phone: 
2025-05-03 23:09:39 - Error: Valid property ID is required
2025-05-03 23:09:39 - Sending response: {"success":false,"message":"Valid property ID is required","debug":{"received_data":[],"property_id":0,"email":"","phone":"","server_time":"2025-05-03 23:09:39"}}
2025-05-03 23:09:39 - Starting request
2025-05-03 23:09:39 - Received data: Array
(
)

2025-05-03 23:09:39 - Parsed values - PropertyID: 0, Email: , Phone: 
2025-05-03 23:09:39 - Error: Valid property ID is required
2025-05-03 23:09:39 - Sending response: {"success":false,"message":"Valid property ID is required","debug":{"received_data":[],"property_id":0,"email":"","phone":"","server_time":"2025-05-03 23:09:39"}}
2025-05-03 23:11:17 - Starting request
2025-05-03 23:11:17 - Received data: Array
(
)

2025-05-03 23:11:17 - Parsed values - PropertyID: 0, Email: , Phone: 
2025-05-03 23:11:17 - Error: Valid property ID is required
2025-05-03 23:11:17 - Sending response: {"success":false,"message":"Valid property ID is required","debug":{"received_data":[],"property_id":0,"email":"","phone":"","server_time":"2025-05-03 23:11:17"}}
2025-05-03 23:11:20 - Starting request
2025-05-03 23:11:20 - Received data: Array
(
)

2025-05-03 23:11:20 - Parsed values - PropertyID: 0, Email: , Phone: 
2025-05-03 23:11:20 - Error: Valid property ID is required
2025-05-03 23:11:20 - Sending response: {"success":false,"message":"Valid property ID is required","debug":{"received_data":[],"property_id":0,"email":"","phone":"","server_time":"2025-05-03 23:11:20"}}
2025-05-03 23:13:55 - Starting request
2025-05-03 23:13:55 - Raw input: 
2025-05-03 23:13:55 - Parsed values - PropertyID: 0, Email: , Phone: 
2025-05-03 23:13:55 - Error: Valid property ID is required
2025-05-03 23:13:55 - Sending response: {"success":false,"message":"Valid property ID is required","debug":{"received_data":[],"property_id":0,"email":"","phone":"","server_time":"2025-05-03 23:13:55"}}
2025-05-03 23:14:04 - Starting request
2025-05-03 23:14:04 - Raw input: property_id=undefined&email=ggk00238%40gmail.com&phone=8080801
2025-05-03 23:14:04 - Parsed values - PropertyID: 0, Email: ggk00238@gmail.com, Phone: 8080801
2025-05-03 23:14:04 - Error: Valid property ID is required
2025-05-03 23:14:04 - Sending response: {"success":false,"message":"Valid property ID is required","debug":{"received_data":{"property_id":"undefined","email":"ggk00238@gmail.com","phone":"8080801"},"property_id":0,"email":"ggk00238@gmail.com","phone":"8080801","server_time":"2025-05-03 23:14:04"}}
2025-05-03 23:18:20 - Starting request
2025-05-03 23:18:20 - Raw input: 
2025-05-03 23:18:20 - Parsed values - PropertyID: 0, Email: , Phone: 
2025-05-03 23:18:20 - Error: Valid property ID is required
2025-05-03 23:18:20 - Sending response: {"success":false,"message":"Valid property ID is required","debug":{"received_data":[],"property_id":0,"email":"","phone":"","server_time":"2025-05-03 23:18:20"}}
2025-05-03 23:18:23 - Starting request
2025-05-03 23:18:23 - Raw input: property_id=undefined&email=ggk00238%40gmail.com&phone=8080801
2025-05-03 23:18:23 - Parsed values - PropertyID: 0, Email: ggk00238@gmail.com, Phone: 8080801
2025-05-03 23:18:23 - Error: Valid property ID is required
2025-05-03 23:18:23 - Sending response: {"success":false,"message":"Valid property ID is required","debug":{"received_data":{"property_id":"undefined","email":"ggk00238@gmail.com","phone":"8080801"},"property_id":0,"email":"ggk00238@gmail.com","phone":"8080801","server_time":"2025-05-03 23:18:23"}}
2025-05-03 23:28:25 - Script started
Received data: 
Error: Property ID is required
Response: {"success":false,"message":"Property ID is required","debug":{"raw_input":"","server":{"MIBDIRS":"C:\/xampp\/php\/extras\/mibs","MYSQL_HOME":"\\xampp\\mysql\\bin","OPENSSL_CONF":"C:\/xampp\/apache\/bin\/openssl.cnf","PHP_PEAR_SYSCONF_DIR":"\\xampp\\php","PHPRC":"\\xampp\\php","TMP":"\\xampp\\tmp","HTTP_HOST":"localhost","HTTP_CONNECTION":"keep-alive","HTTP_CACHE_CONTROL":"max-age=0","HTTP_SEC_CH_UA":"\"Chromium\";v=\"124\", \"Google Chrome\";v=\"124\", \"Not-A.Brand\";v=\"99\"","HTTP_SEC_CH_UA_MOBILE":"?0","HTTP_SEC_CH_UA_PLATFORM":"\"Windows\"","HTTP_UPGRADE_INSECURE_REQUESTS":"1","HTTP_USER_AGENT":"Mozilla\/5.0 (Windows NT 10.0; Win64; x64) AppleWebKit\/537.36 (KHTML, like Gecko) Chrome\/124.0.0.0 Safari\/537.36","HTTP_ACCEPT":"text\/html,application\/xhtml+xml,application\/xml;q=0.9,image\/avif,image\/webp,image\/apng,*\/*;q=0.8,application\/signed-exchange;v=b3;q=0.7","HTTP_SEC_FETCH_SITE":"none","HTTP_SEC_FETCH_MODE":"navigate","HTTP_SEC_FETCH_USER":"?1","HTTP_SEC_FETCH_DEST":"document","HTTP_ACCEPT_ENCODING":"gzip, deflate, br, zstd","HTTP_ACCEPT_LANGUAGE":"en-US,en;q=0.9","PATH":"C:\\Program Files\\Common Files\\Oracle\\Java\\javapath;C:\\WINDOWS\\system32;C:\\WINDOWS;C:\\WINDOWS\\System32\\Wbem;C:\\WINDOWS\\System32\\WindowsPowerShell\\v1.0\\;C:\\WINDOWS\\System32\\OpenSSH\\;C:\\Program Files (x86)\\NVIDIA Corporation\\PhysX\\Common;C:\\Program Files\\dotnet\\;C:\\Program Files\\NVIDIA Corporation\\NVIDIA app\\NvDLISR;C:\\WINDOWS\\system32;C:\\WINDOWS;C:\\WINDOWS\\System32\\Wbem;C:\\WINDOWS\\System32\\WindowsPowerShell\\v1.0\\;C:\\WINDOWS\\System32\\OpenSSH\\;C:\\MinGW\\bin;C:\\Program Files\\Git\\cmd;C:\\hadoop\\bin;C:\\Program Files\\Microsoft SQL Server\\150\\Tools\\Binn\\;C:\\Program Files\\Microsoft SQL Server\\Client SDK\\ODBC\\170\\Tools\\Binn\\;C:\\mingw-w64\\bin;C:\\Program Files\\Common Files\\Oracle\\Java\\javapath;C:\\WINDOWS\\system32;C:\\WINDOWS;C:\\WINDOWS\\System32\\Wbem;C:\\WINDOWS\\System32\\WindowsPowerShell\\v1.0\\;C:\\WINDOWS\\System32\\OpenSSH\\;C:\\Program Files (x86)\\NVIDIA Corporation\\PhysX\\Common;C:\\Program Files\\dotnet\\;C:\\Program Files\\NVIDIA Corporation\\NVIDIA app\\NvDLISR;C:\\WINDOWS\\system32;C:\\WINDOWS;C:\\WINDOWS\\System32\\Wbem;C:\\WINDOWS\\System32\\WindowsPowerShell\\v1.0\\;C:\\WINDOWS\\System32\\OpenSSH\\;C:\\MinGW\\bin;C:\\Program Files\\Git\\cmd;C:\\mingw-w64\\bin;C:\\Program Files\\MySQL\\MySQL Shell 8.0\\bin\\;C:\\Users\\amanr\\AppData\\Local\\Microsoft\\WindowsApps;C:\\Users\\amanr\\.dotnet\\tools;D:\\Microsoft VS Code\\bin;C:\\Users\\amanr\\AppData\\Local\\GitHubDesktop\\bin;C:\\Users\\amanr\\.dotnet\\tools","SystemRoot":"C:\\WINDOWS","COMSPEC":"C:\\WINDOWS\\system32\\cmd.exe","PATHEXT":".COM;.EXE;.BAT;.CMD;.VBS;.VBE;.JS;.JSE;.WSF;.WSH;.MSC","WINDIR":"C:\\WINDOWS","SERVER_SIGNATURE":"<address>Apache\/2.4.58 (Win64) OpenSSL\/3.1.3 PHP\/8.2.12 Server at localhost Port 80<\/address>\n","SERVER_SOFTWARE":"Apache\/2.4.58 (Win64) OpenSSL\/3.1.3 PHP\/8.2.12","SERVER_NAME":"localhost","SERVER_ADDR":"::1","SERVER_PORT":"80","REMOTE_ADDR":"::1","DOCUMENT_ROOT":"C:\/xampp\/htdocs","REQUEST_SCHEME":"http","CONTEXT_PREFIX":"","CONTEXT_DOCUMENT_ROOT":"C:\/xampp\/htdocs","SERVER_ADMIN":"postmaster@localhost","SCRIPT_FILENAME":"C:\/xampp\/htdocs\/aman\/groupE\/cancel_booking.php","REMOTE_PORT":"53813","GATEWAY_INTERFACE":"CGI\/1.1","SERVER_PROTOCOL":"HTTP\/1.1","REQUEST_METHOD":"GET","QUERY_STRING":"","REQUEST_URI":"\/aman\/groupE\/cancel_booking.php","SCRIPT_NAME":"\/aman\/groupE\/cancel_booking.php","PHP_SELF":"\/aman\/groupE\/cancel_booking.php","REQUEST_TIME_FLOAT":1746307705.650399,"REQUEST_TIME":1746307705},"time":"2025-05-03 23:28:25","received_data":null}}
2025-05-03 23:31:10 - Script started
Raw input: {"property_id":"<?php echo $property['property_id']; ?>","email":"ggk00238@gmail.com","phone":"8080801"}
Error: Property not found
Response: {"success":false,"message":"Property not found","debug":{"request_method":"POST","raw_input":"{\"property_id\":\"<?php echo $property['property_id']; ?>\",\"email\":\"ggk00238@gmail.com\",\"phone\":\"8080801\"}","post_data":[],"get_data":[],"server":{"MIBDIRS":"C:\/xampp\/php\/extras\/mibs","MYSQL_HOME":"\\xampp\\mysql\\bin","OPENSSL_CONF":"C:\/xampp\/apache\/bin\/openssl.cnf","PHP_PEAR_SYSCONF_DIR":"\\xampp\\php","PHPRC":"\\xampp\\php","TMP":"\\xampp\\tmp","HTTP_HOST":"localhost","HTTP_CONNECTION":"keep-alive","CONTENT_LENGTH":"104","HTTP_SEC_CH_UA":"\"Chromium\";v=\"124\", \"Google Chrome\";v=\"124\", \"Not-A.Brand\";v=\"99\"","HTTP_ACCEPT":"application\/json","CONTENT_TYPE":"application\/json","HTTP_SEC_CH_UA_MOBILE":"?0","HTTP_USER_AGENT":"Mozilla\/5.0 (Windows NT 10.0; Win64; x64) AppleWebKit\/537.36 (KHTML, like Gecko) Chrome\/124.0.0.0 Safari\/537.36","HTTP_SEC_CH_UA_PLATFORM":"\"Windows\"","HTTP_ORIGIN":"http:\/\/localhost","HTTP_SEC_FETCH_SITE":"same-origin","HTTP_SEC_FETCH_MODE":"cors","HTTP_SEC_FETCH_DEST":"empty","HTTP_REFERER":"http:\/\/localhost\/aman\/groupE\/properties.html","HTTP_ACCEPT_ENCODING":"gzip, deflate, br, zstd","HTTP_ACCEPT_LANGUAGE":"en-US,en;q=0.9","PATH":"C:\\Program Files\\Common Files\\Oracle\\Java\\javapath;C:\\WINDOWS\\system32;C:\\WINDOWS;C:\\WINDOWS\\System32\\Wbem;C:\\WINDOWS\\System32\\WindowsPowerShell\\v1.0\\;C:\\WINDOWS\\System32\\OpenSSH\\;C:\\Program Files (x86)\\NVIDIA Corporation\\PhysX\\Common;C:\\Program Files\\dotnet\\;C:\\Program Files\\NVIDIA Corporation\\NVIDIA app\\NvDLISR;C:\\WINDOWS\\system32;C:\\WINDOWS;C:\\WINDOWS\\System32\\Wbem;C:\\WINDOWS\\System32\\WindowsPowerShell\\v1.0\\;C:\\WINDOWS\\System32\\OpenSSH\\;C:\\MinGW\\bin;C:\\Program Files\\Git\\cmd;C:\\hadoop\\bin;C:\\Program Files\\Microsoft SQL Server\\150\\Tools\\Binn\\;C:\\Program Files\\Microsoft SQL Server\\Client SDK\\ODBC\\170\\Tools\\Binn\\;C:\\mingw-w64\\bin;C:\\Program Files\\Common Files\\Oracle\\Java\\javapath;C:\\WINDOWS\\system32;C:\\WINDOWS;C:\\WINDOWS\\System32\\Wbem;C:\\WINDOWS\\System32\\WindowsPowerShell\\v1.0\\;C:\\WINDOWS\\System32\\OpenSSH\\;C:\\Program Files (x86)\\NVIDIA Corporation\\PhysX\\Common;C:\\Program Files\\dotnet\\;C:\\Program Files\\NVIDIA Corporation\\NVIDIA app\\NvDLISR;C:\\WINDOWS\\system32;C:\\WINDOWS;C:\\WINDOWS\\System32\\Wbem;C:\\WINDOWS\\System32\\WindowsPowerShell\\v1.0\\;C:\\WINDOWS\\System32\\OpenSSH\\;C:\\MinGW\\bin;C:\\Program Files\\Git\\cmd;C:\\mingw-w64\\bin;C:\\Program Files\\MySQL\\MySQL Shell 8.0\\bin\\;C:\\Users\\amanr\\AppData\\Local\\Microsoft\\WindowsApps;C:\\Users\\amanr\\.dotnet\\tools;D:\\Microsoft VS Code\\bin;C:\\Users\\amanr\\AppData\\Local\\GitHubDesktop\\bin;C:\\Users\\amanr\\.dotnet\\tools","SystemRoot":"C:\\WINDOWS","COMSPEC":"C:\\WINDOWS\\system32\\cmd.exe","PATHEXT":".COM;.EXE;.BAT;.CMD;.VBS;.VBE;.JS;.JSE;.WSF;.WSH;.MSC","WINDIR":"C:\\WINDOWS","SERVER_SIGNATURE":"<address>Apache\/2.4.58 (Win64) OpenSSL\/3.1.3 PHP\/8.2.12 Server at localhost Port 80<\/address>\n","SERVER_SOFTWARE":"Apache\/2.4.58 (Win64) OpenSSL\/3.1.3 PHP\/8.2.12","SERVER_NAME":"localhost","SERVER_ADDR":"::1","SERVER_PORT":"80","REMOTE_ADDR":"::1","DOCUMENT_ROOT":"C:\/xampp\/htdocs","REQUEST_SCHEME":"http","CONTEXT_PREFIX":"","CONTEXT_DOCUMENT_ROOT":"C:\/xampp\/htdocs","SERVER_ADMIN":"postmaster@localhost","SCRIPT_FILENAME":"C:\/xampp\/htdocs\/aman\/groupE\/cancel_booking.php","REMOTE_PORT":"53820","GATEWAY_INTERFACE":"CGI\/1.1","SERVER_PROTOCOL":"HTTP\/1.1","REQUEST_METHOD":"POST","QUERY_STRING":"","REQUEST_URI":"\/aman\/groupE\/cancel_booking.php","SCRIPT_NAME":"\/aman\/groupE\/cancel_booking.php","PHP_SELF":"\/aman\/groupE\/cancel_booking.php","REQUEST_TIME_FLOAT":1746307870.231898,"REQUEST_TIME":1746307870},"time":"2025-05-03 23:31:10"}}
2025-05-03 23:31:16 - Script started
Raw input: {"property_id":"<?php echo $property['property_id']; ?>","email":"ggk00238@gmail.com","phone":"8080801"}
Error: Property not found
Response: {"success":false,"message":"Property not found","debug":{"request_method":"POST","raw_input":"{\"property_id\":\"<?php echo $property['property_id']; ?>\",\"email\":\"ggk00238@gmail.com\",\"phone\":\"8080801\"}","post_data":[],"get_data":[],"server":{"MIBDIRS":"C:\/xampp\/php\/extras\/mibs","MYSQL_HOME":"\\xampp\\mysql\\bin","OPENSSL_CONF":"C:\/xampp\/apache\/bin\/openssl.cnf","PHP_PEAR_SYSCONF_DIR":"\\xampp\\php","PHPRC":"\\xampp\\php","TMP":"\\xampp\\tmp","HTTP_HOST":"localhost","HTTP_CONNECTION":"keep-alive","CONTENT_LENGTH":"104","HTTP_SEC_CH_UA":"\"Chromium\";v=\"124\", \"Google Chrome\";v=\"124\", \"Not-A.Brand\";v=\"99\"","HTTP_ACCEPT":"application\/json","CONTENT_TYPE":"application\/json","HTTP_SEC_CH_UA_MOBILE":"?0","HTTP_USER_AGENT":"Mozilla\/5.0 (Windows NT 10.0; Win64; x64) AppleWebKit\/537.36 (KHTML, like Gecko) Chrome\/124.0.0.0 Safari\/537.36","HTTP_SEC_CH_UA_PLATFORM":"\"Windows\"","HTTP_ORIGIN":"http:\/\/localhost","HTTP_SEC_FETCH_SITE":"same-origin","HTTP_SEC_FETCH_MODE":"cors","HTTP_SEC_FETCH_DEST":"empty","HTTP_REFERER":"http:\/\/localhost\/aman\/groupE\/properties.html","HTTP_ACCEPT_ENCODING":"gzip, deflate, br, zstd","HTTP_ACCEPT_LANGUAGE":"en-US,en;q=0.9","PATH":"C:\\Program Files\\Common Files\\Oracle\\Java\\javapath;C:\\WINDOWS\\system32;C:\\WINDOWS;C:\\WINDOWS\\System32\\Wbem;C:\\WINDOWS\\System32\\WindowsPowerShell\\v1.0\\;C:\\WINDOWS\\System32\\OpenSSH\\;C:\\Program Files (x86)\\NVIDIA Corporation\\PhysX\\Common;C:\\Program Files\\dotnet\\;C:\\Program Files\\NVIDIA Corporation\\NVIDIA app\\NvDLISR;C:\\WINDOWS\\system32;C:\\WINDOWS;C:\\WINDOWS\\System32\\Wbem;C:\\WINDOWS\\System32\\WindowsPowerShell\\v1.0\\;C:\\WINDOWS\\System32\\OpenSSH\\;C:\\MinGW\\bin;C:\\Program Files\\Git\\cmd;C:\\hadoop\\bin;C:\\Program Files\\Microsoft SQL Server\\150\\Tools\\Binn\\;C:\\Program Files\\Microsoft SQL Server\\Client SDK\\ODBC\\170\\Tools\\Binn\\;C:\\mingw-w64\\bin;C:\\Program Files\\Common Files\\Oracle\\Java\\javapath;C:\\WINDOWS\\system32;C:\\WINDOWS;C:\\WINDOWS\\System32\\Wbem;C:\\WINDOWS\\System32\\WindowsPowerShell\\v1.0\\;C:\\WINDOWS\\System32\\OpenSSH\\;C:\\Program Files (x86)\\NVIDIA Corporation\\PhysX\\Common;C:\\Program Files\\dotnet\\;C:\\Program Files\\NVIDIA Corporation\\NVIDIA app\\NvDLISR;C:\\WINDOWS\\system32;C:\\WINDOWS;C:\\WINDOWS\\System32\\Wbem;C:\\WINDOWS\\System32\\WindowsPowerShell\\v1.0\\;C:\\WINDOWS\\System32\\OpenSSH\\;C:\\MinGW\\bin;C:\\Program Files\\Git\\cmd;C:\\mingw-w64\\bin;C:\\Program Files\\MySQL\\MySQL Shell 8.0\\bin\\;C:\\Users\\amanr\\AppData\\Local\\Microsoft\\WindowsApps;C:\\Users\\amanr\\.dotnet\\tools;D:\\Microsoft VS Code\\bin;C:\\Users\\amanr\\AppData\\Local\\GitHubDesktop\\bin;C:\\Users\\amanr\\.dotnet\\tools","SystemRoot":"C:\\WINDOWS","COMSPEC":"C:\\WINDOWS\\system32\\cmd.exe","PATHEXT":".COM;.EXE;.BAT;.CMD;.VBS;.VBE;.JS;.JSE;.WSF;.WSH;.MSC","WINDIR":"C:\\WINDOWS","SERVER_SIGNATURE":"<address>Apache\/2.4.58 (Win64) OpenSSL\/3.1.3 PHP\/8.2.12 Server at localhost Port 80<\/address>\n","SERVER_SOFTWARE":"Apache\/2.4.58 (Win64) OpenSSL\/3.1.3 PHP\/8.2.12","SERVER_NAME":"localhost","SERVER_ADDR":"::1","SERVER_PORT":"80","REMOTE_ADDR":"::1","DOCUMENT_ROOT":"C:\/xampp\/htdocs","REQUEST_SCHEME":"http","CONTEXT_PREFIX":"","CONTEXT_DOCUMENT_ROOT":"C:\/xampp\/htdocs","SERVER_ADMIN":"postmaster@localhost","SCRIPT_FILENAME":"C:\/xampp\/htdocs\/aman\/groupE\/cancel_booking.php","REMOTE_PORT":"53823","GATEWAY_INTERFACE":"CGI\/1.1","SERVER_PROTOCOL":"HTTP\/1.1","REQUEST_METHOD":"POST","QUERY_STRING":"","REQUEST_URI":"\/aman\/groupE\/cancel_booking.php","SCRIPT_NAME":"\/aman\/groupE\/cancel_booking.php","PHP_SELF":"\/aman\/groupE\/cancel_booking.php","REQUEST_TIME_FLOAT":1746307876.974137,"REQUEST_TIME":1746307876},"time":"2025-05-03 23:31:16"}}
2025-05-03 23:31:19 - Script started
2025-05-03 23:31:44 - Script started
Raw input: {"property_id":"<?php echo $property['property_id']; ?>","email":"ggk00238@gmail.com","phone":"8080801"}
Error: Property not found
Response: {"success":false,"message":"Property not found","debug":{"request_method":"POST","raw_input":"{\"property_id\":\"<?php echo $property['property_id']; ?>\",\"email\":\"ggk00238@gmail.com\",\"phone\":\"8080801\"}","post_data":[],"get_data":[],"server":{"MIBDIRS":"C:\/xampp\/php\/extras\/mibs","MYSQL_HOME":"\\xampp\\mysql\\bin","OPENSSL_CONF":"C:\/xampp\/apache\/bin\/openssl.cnf","PHP_PEAR_SYSCONF_DIR":"\\xampp\\php","PHPRC":"\\xampp\\php","TMP":"\\xampp\\tmp","HTTP_HOST":"localhost","HTTP_CONNECTION":"keep-alive","CONTENT_LENGTH":"104","HTTP_SEC_CH_UA":"\"Chromium\";v=\"124\", \"Google Chrome\";v=\"124\", \"Not-A.Brand\";v=\"99\"","HTTP_ACCEPT":"application\/json","CONTENT_TYPE":"application\/json","HTTP_SEC_CH_UA_MOBILE":"?0","HTTP_USER_AGENT":"Mozilla\/5.0 (Windows NT 10.0; Win64; x64) AppleWebKit\/537.36 (KHTML, like Gecko) Chrome\/124.0.0.0 Safari\/537.36","HTTP_SEC_CH_UA_PLATFORM":"\"Windows\"","HTTP_ORIGIN":"http:\/\/localhost","HTTP_SEC_FETCH_SITE":"same-origin","HTTP_SEC_FETCH_MODE":"cors","HTTP_SEC_FETCH_DEST":"empty","HTTP_REFERER":"http:\/\/localhost\/aman\/groupE\/properties.html","HTTP_ACCEPT_ENCODING":"gzip, deflate, br, zstd","HTTP_ACCEPT_LANGUAGE":"en-US,en;q=0.9","PATH":"C:\\Program Files\\Common Files\\Oracle\\Java\\javapath;C:\\WINDOWS\\system32;C:\\WINDOWS;C:\\WINDOWS\\System32\\Wbem;C:\\WINDOWS\\System32\\WindowsPowerShell\\v1.0\\;C:\\WINDOWS\\System32\\OpenSSH\\;C:\\Program Files (x86)\\NVIDIA Corporation\\PhysX\\Common;C:\\Program Files\\dotnet\\;C:\\Program Files\\NVIDIA Corporation\\NVIDIA app\\NvDLISR;C:\\WINDOWS\\system32;C:\\WINDOWS;C:\\WINDOWS\\System32\\Wbem;C:\\WINDOWS\\System32\\WindowsPowerShell\\v1.0\\;C:\\WINDOWS\\System32\\OpenSSH\\;C:\\MinGW\\bin;C:\\Program Files\\Git\\cmd;C:\\hadoop\\bin;C:\\Program Files\\Microsoft SQL Server\\150\\Tools\\Binn\\;C:\\Program Files\\Microsoft SQL Server\\Client SDK\\ODBC\\170\\Tools\\Binn\\;C:\\mingw-w64\\bin;C:\\Program Files\\Common Files\\Oracle\\Java\\javapath;C:\\WINDOWS\\system32;C:\\WINDOWS;C:\\WINDOWS\\System32\\Wbem;C:\\WINDOWS\\System32\\WindowsPowerShell\\v1.0\\;C:\\WINDOWS\\System32\\OpenSSH\\;C:\\Program Files (x86)\\NVIDIA Corporation\\PhysX\\Common;C:\\Program Files\\dotnet\\;C:\\Program Files\\NVIDIA Corporation\\NVIDIA app\\NvDLISR;C:\\WINDOWS\\system32;C:\\WINDOWS;C:\\WINDOWS\\System32\\Wbem;C:\\WINDOWS\\System32\\WindowsPowerShell\\v1.0\\;C:\\WINDOWS\\System32\\OpenSSH\\;C:\\MinGW\\bin;C:\\Program Files\\Git\\cmd;C:\\mingw-w64\\bin;C:\\Program Files\\MySQL\\MySQL Shell 8.0\\bin\\;C:\\Users\\amanr\\AppData\\Local\\Microsoft\\WindowsApps;C:\\Users\\amanr\\.dotnet\\tools;D:\\Microsoft VS Code\\bin;C:\\Users\\amanr\\AppData\\Local\\GitHubDesktop\\bin;C:\\Users\\amanr\\.dotnet\\tools","SystemRoot":"C:\\WINDOWS","COMSPEC":"C:\\WINDOWS\\system32\\cmd.exe","PATHEXT":".COM;.EXE;.BAT;.CMD;.VBS;.VBE;.JS;.JSE;.WSF;.WSH;.MSC","WINDIR":"C:\\WINDOWS","SERVER_SIGNATURE":"<address>Apache\/2.4.58 (Win64) OpenSSL\/3.1.3 PHP\/8.2.12 Server at localhost Port 80<\/address>\n","SERVER_SOFTWARE":"Apache\/2.4.58 (Win64) OpenSSL\/3.1.3 PHP\/8.2.12","SERVER_NAME":"localhost","SERVER_ADDR":"::1","SERVER_PORT":"80","REMOTE_ADDR":"::1","DOCUMENT_ROOT":"C:\/xampp\/htdocs","REQUEST_SCHEME":"http","CONTEXT_PREFIX":"","CONTEXT_DOCUMENT_ROOT":"C:\/xampp\/htdocs","SERVER_ADMIN":"postmaster@localhost","SCRIPT_FILENAME":"C:\/xampp\/htdocs\/aman\/groupE\/cancel_booking.php","REMOTE_PORT":"53836","GATEWAY_INTERFACE":"CGI\/1.1","SERVER_PROTOCOL":"HTTP\/1.1","REQUEST_METHOD":"POST","QUERY_STRING":"","REQUEST_URI":"\/aman\/groupE\/cancel_booking.php","SCRIPT_NAME":"\/aman\/groupE\/cancel_booking.php","PHP_SELF":"\/aman\/groupE\/cancel_booking.php","REQUEST_TIME_FLOAT":1746307904.542797,"REQUEST_TIME":1746307904},"time":"2025-05-03 23:31:44"}}
2025-05-03 23:32:15 - Script started
Raw input: {"property_id":"<?php echo $property['property_id']; ?>","email":"ggk00238@gmail.com","phone":"8080801"}
Error: Property not found
Response: {"success":false,"message":"Property not found","debug":{"request_method":"POST","raw_input":"{\"property_id\":\"<?php echo $property['property_id']; ?>\",\"email\":\"ggk00238@gmail.com\",\"phone\":\"8080801\"}","post_data":[],"get_data":[],"server":{"MIBDIRS":"C:\/xampp\/php\/extras\/mibs","MYSQL_HOME":"\\xampp\\mysql\\bin","OPENSSL_CONF":"C:\/xampp\/apache\/bin\/openssl.cnf","PHP_PEAR_SYSCONF_DIR":"\\xampp\\php","PHPRC":"\\xampp\\php","TMP":"\\xampp\\tmp","HTTP_HOST":"localhost","HTTP_CONNECTION":"keep-alive","CONTENT_LENGTH":"104","HTTP_SEC_CH_UA":"\"Chromium\";v=\"124\", \"Google Chrome\";v=\"124\", \"Not-A.Brand\";v=\"99\"","HTTP_ACCEPT":"application\/json","CONTENT_TYPE":"application\/json","HTTP_SEC_CH_UA_MOBILE":"?0","HTTP_USER_AGENT":"Mozilla\/5.0 (Windows NT 10.0; Win64; x64) AppleWebKit\/537.36 (KHTML, like Gecko) Chrome\/124.0.0.0 Safari\/537.36","HTTP_SEC_CH_UA_PLATFORM":"\"Windows\"","HTTP_ORIGIN":"http:\/\/localhost","HTTP_SEC_FETCH_SITE":"same-origin","HTTP_SEC_FETCH_MODE":"cors","HTTP_SEC_FETCH_DEST":"empty","HTTP_REFERER":"http:\/\/localhost\/aman\/groupE\/properties.html","HTTP_ACCEPT_ENCODING":"gzip, deflate, br, zstd","HTTP_ACCEPT_LANGUAGE":"en-US,en;q=0.9","PATH":"C:\\Program Files\\Common Files\\Oracle\\Java\\javapath;C:\\WINDOWS\\system32;C:\\WINDOWS;C:\\WINDOWS\\System32\\Wbem;C:\\WINDOWS\\System32\\WindowsPowerShell\\v1.0\\;C:\\WINDOWS\\System32\\OpenSSH\\;C:\\Program Files (x86)\\NVIDIA Corporation\\PhysX\\Common;C:\\Program Files\\dotnet\\;C:\\Program Files\\NVIDIA Corporation\\NVIDIA app\\NvDLISR;C:\\WINDOWS\\system32;C:\\WINDOWS;C:\\WINDOWS\\System32\\Wbem;C:\\WINDOWS\\System32\\WindowsPowerShell\\v1.0\\;C:\\WINDOWS\\System32\\OpenSSH\\;C:\\MinGW\\bin;C:\\Program Files\\Git\\cmd;C:\\hadoop\\bin;C:\\Program Files\\Microsoft SQL Server\\150\\Tools\\Binn\\;C:\\Program Files\\Microsoft SQL Server\\Client SDK\\ODBC\\170\\Tools\\Binn\\;C:\\mingw-w64\\bin;C:\\Program Files\\Common Files\\Oracle\\Java\\javapath;C:\\WINDOWS\\system32;C:\\WINDOWS;C:\\WINDOWS\\System32\\Wbem;C:\\WINDOWS\\System32\\WindowsPowerShell\\v1.0\\;C:\\WINDOWS\\System32\\OpenSSH\\;C:\\Program Files (x86)\\NVIDIA Corporation\\PhysX\\Common;C:\\Program Files\\dotnet\\;C:\\Program Files\\NVIDIA Corporation\\NVIDIA app\\NvDLISR;C:\\WINDOWS\\system32;C:\\WINDOWS;C:\\WINDOWS\\System32\\Wbem;C:\\WINDOWS\\System32\\WindowsPowerShell\\v1.0\\;C:\\WINDOWS\\System32\\OpenSSH\\;C:\\MinGW\\bin;C:\\Program Files\\Git\\cmd;C:\\mingw-w64\\bin;C:\\Program Files\\MySQL\\MySQL Shell 8.0\\bin\\;C:\\Users\\amanr\\AppData\\Local\\Microsoft\\WindowsApps;C:\\Users\\amanr\\.dotnet\\tools;D:\\Microsoft VS Code\\bin;C:\\Users\\amanr\\AppData\\Local\\GitHubDesktop\\bin;C:\\Users\\amanr\\.dotnet\\tools","SystemRoot":"C:\\WINDOWS","COMSPEC":"C:\\WINDOWS\\system32\\cmd.exe","PATHEXT":".COM;.EXE;.BAT;.CMD;.VBS;.VBE;.JS;.JSE;.WSF;.WSH;.MSC","WINDIR":"C:\\WINDOWS","SERVER_SIGNATURE":"<address>Apache\/2.4.58 (Win64) OpenSSL\/3.1.3 PHP\/8.2.12 Server at localhost Port 80<\/address>\n","SERVER_SOFTWARE":"Apache\/2.4.58 (Win64) OpenSSL\/3.1.3 PHP\/8.2.12","SERVER_NAME":"localhost","SERVER_ADDR":"::1","SERVER_PORT":"80","REMOTE_ADDR":"::1","DOCUMENT_ROOT":"C:\/xampp\/htdocs","REQUEST_SCHEME":"http","CONTEXT_PREFIX":"","CONTEXT_DOCUMENT_ROOT":"C:\/xampp\/htdocs","SERVER_ADMIN":"postmaster@localhost","SCRIPT_FILENAME":"C:\/xampp\/htdocs\/aman\/groupE\/cancel_booking.php","REMOTE_PORT":"53848","GATEWAY_INTERFACE":"CGI\/1.1","SERVER_PROTOCOL":"HTTP\/1.1","REQUEST_METHOD":"POST","QUERY_STRING":"","REQUEST_URI":"\/aman\/groupE\/cancel_booking.php","SCRIPT_NAME":"\/aman\/groupE\/cancel_booking.php","PHP_SELF":"\/aman\/groupE\/cancel_booking.php","REQUEST_TIME_FLOAT":1746307935.271301,"REQUEST_TIME":1746307935},"time":"2025-05-03 23:32:15"}}
2025-05-03 23:32:55 - Script started
2025-05-03 23:32:56 - Script started
