2025-05-03 21:32:30
Array
(
    [method] => GET
    [content_type] => not set
    [raw_input] => 
    [post_data] => Array
        (
        )

    [get_data] => Array
        (
        )

)
2025-05-03 21:32:57
Array
(
    [method] => GET
    [content_type] => not set
    [raw_input] => 
    [post_data] => Array
        (
        )

    [get_data] => Array
        (
        )

)
2025-05-03 21:32:58
Array
(
    [method] => GET
    [content_type] => not set
    [raw_input] => 
    [post_data] => Array
        (
        )

    [get_data] => Array
        (
        )

)
2025-05-03 21:32:58
Array
(
    [method] => GET
    [content_type] => not set
    [raw_input] => 
    [post_data] => Array
        (
        )

    [get_data] => Array
        (
        )

)
2025-05-03 21:33:05
Array
(
    [method] => GET
    [content_type] => not set
    [raw_input] => 
    [post_data] => Array
        (
        )

    [get_data] => Array
        (
        )

)
2025-05-03 21:33:15
Array
(
    [method] => GET
    [content_type] => not set
    [raw_input] => 
    [post_data] => Array
        (
        )

    [get_data] => Array
        (
        )

)
2025-05-03 21:33:16
Array
(
    [method] => GET
    [content_type] => not set
    [raw_input] => 
    [post_data] => Array
        (
        )

    [get_data] => Array
        (
        )

)
2025-05-03 21:33:16
Array
(
    [method] => GET
    [content_type] => not set
    [raw_input] => 
    [post_data] => Array
        (
        )

    [get_data] => Array
        (
        )

)
2025-05-03 21:33:17
Array
(
    [method] => GET
    [content_type] => not set
    [raw_input] => 
    [post_data] => Array
        (
        )

    [get_data] => Array
        (
        )

)
2025-05-03 21:33:17
Array
(
    [method] => GET
    [content_type] => not set
    [raw_input] => 
    [post_data] => Array
        (
        )

    [get_data] => Array
        (
        )

)
2025-05-03 21:33:17
Array
(
    [method] => GET
    [content_type] => not set
    [raw_input] => 
    [post_data] => Array
        (
        )

    [get_data] => Array
        (
        )

)
